{"E:\\gc-utils\\src\\utils\\calculOffsetHeight.ts": {"path":"E:\\gc-utils\\src\\utils\\calculOffsetHeight.ts","statementMap":{"0":{"start":{"line":2,"column":23},"end":{"line":2,"column":37}},"1":{"start":{"line":3,"column":23},"end":{"line":3,"column":45}},"2":{"start":{"line":4,"column":4},"end":{"line":7,"column":null}},"3":{"start":{"line":5,"column":8},"end":{"line":5,"column":null}},"4":{"start":{"line":6,"column":8},"end":{"line":6,"column":null}},"5":{"start":{"line":8,"column":4},"end":{"line":8,"column":null}},"6":{"start":{"line":1,"column":0},"end":{"line":1,"column":16}}},"fnMap":{"0":{"name":"calculOffsetHeight","decl":{"start":{"line":1,"column":16},"end":{"line":1,"column":34}},"loc":{"start":{"line":1,"column":65},"end":{"line":9,"column":1}}}},"branchMap":{},"s":{"0":0,"1":0,"2":0,"3":0,"4":0,"5":0,"6":1},"f":{"0":0},"b":{}}
,"E:\\gc-utils\\src\\utils\\classnames.ts": {"path":"E:\\gc-utils\\src\\utils\\classnames.ts","statementMap":{"0":{"start":{"line":8,"column":26},"end":{"line":24,"column":1}},"1":{"start":{"line":9,"column":27},"end":{"line":9,"column":29}},"2":{"start":{"line":10,"column":2},"end":{"line":22,"column":null}},"3":{"start":{"line":11,"column":4},"end":{"line":21,"column":null}},"4":{"start":{"line":12,"column":6},"end":{"line":12,"column":null}},"5":{"start":{"line":13,"column":11},"end":{"line":21,"column":null}},"6":{"start":{"line":14,"column":6},"end":{"line":14,"column":null}},"7":{"start":{"line":16,"column":6},"end":{"line":20,"column":null}},"8":{"start":{"line":17,"column":8},"end":{"line":19,"column":null}},"9":{"start":{"line":18,"column":10},"end":{"line":18,"column":null}},"10":{"start":{"line":23,"column":2},"end":{"line":23,"column":null}},"11":{"start":{"line":8,"column":13},"end":{"line":8,"column":26}}},"fnMap":{"0":{"name":"(anonymous_0)","decl":{"start":{"line":8,"column":26},"end":{"line":8,"column":27}},"loc":{"start":{"line":8,"column":60},"end":{"line":24,"column":1}}},"1":{"name":"(anonymous_1)","decl":{"start":{"line":10,"column":17},"end":{"line":10,"column":18}},"loc":{"start":{"line":10,"column":24},"end":{"line":22,"column":3}}}},"branchMap":{"0":{"loc":{"start":{"line":11,"column":4},"end":{"line":21,"column":null}},"type":"if","locations":[{"start":{"line":11,"column":4},"end":{"line":21,"column":null}},{"start":{"line":13,"column":11},"end":{"line":21,"column":null}}]},"1":{"loc":{"start":{"line":13,"column":11},"end":{"line":21,"column":null}},"type":"if","locations":[{"start":{"line":13,"column":11},"end":{"line":21,"column":null}},{"start":{"line":15,"column":11},"end":{"line":21,"column":null}}]},"2":{"loc":{"start":{"line":17,"column":8},"end":{"line":19,"column":null}},"type":"if","locations":[{"start":{"line":17,"column":8},"end":{"line":19,"column":null}}]}},"s":{"0":2,"1":3,"2":3,"3":6,"4":4,"5":2,"6":0,"7":2,"8":2,"9":1,"10":3,"11":2},"f":{"0":3,"1":6},"b":{"0":[4,2],"1":[0,2],"2":[1]}}
,"E:\\gc-utils\\src\\utils\\copyToClipBoard.ts": {"path":"E:\\gc-utils\\src\\utils\\copyToClipBoard.ts","statementMap":{"0":{"start":{"line":2,"column":4},"end":{"line":14,"column":null}},"1":{"start":{"line":3,"column":6},"end":{"line":3,"column":null}},"2":{"start":{"line":5,"column":21},"end":{"line":5,"column":55}},"3":{"start":{"line":6,"column":6},"end":{"line":6,"column":null}},"4":{"start":{"line":7,"column":6},"end":{"line":7,"column":null}},"5":{"start":{"line":8,"column":6},"end":{"line":8,"column":null}},"6":{"start":{"line":9,"column":6},"end":{"line":9,"column":null}},"7":{"start":{"line":10,"column":6},"end":{"line":10,"column":null}},"8":{"start":{"line":11,"column":6},"end":{"line":11,"column":null}},"9":{"start":{"line":12,"column":6},"end":{"line":12,"column":null}},"10":{"start":{"line":13,"column":6},"end":{"line":13,"column":null}},"11":{"start":{"line":1,"column":0},"end":{"line":1,"column":16}}},"fnMap":{"0":{"name":"copyToClipBoard","decl":{"start":{"line":1,"column":16},"end":{"line":1,"column":31}},"loc":{"start":{"line":1,"column":66},"end":{"line":15,"column":3}}}},"branchMap":{"0":{"loc":{"start":{"line":2,"column":4},"end":{"line":14,"column":null}},"type":"if","locations":[{"start":{"line":2,"column":4},"end":{"line":14,"column":null}},{"start":{"line":4,"column":11},"end":{"line":14,"column":null}}]}},"s":{"0":0,"1":0,"2":0,"3":0,"4":0,"5":0,"6":0,"7":0,"8":0,"9":0,"10":0,"11":1},"f":{"0":0},"b":{"0":[0,0]}}
,"E:\\gc-utils\\src\\utils\\debound.ts": {"path":"E:\\gc-utils\\src\\utils\\debound.ts","statementMap":{"0":{"start":{"line":2,"column":18},"end":{"line":2,"column":40}},"1":{"start":{"line":3,"column":4},"end":{"line":8,"column":null}},"2":{"start":{"line":4,"column":8},"end":{"line":4,"column":null}},"3":{"start":{"line":4,"column":21},"end":{"line":4,"column":null}},"4":{"start":{"line":5,"column":8},"end":{"line":7,"column":null}},"5":{"start":{"line":6,"column":12},"end":{"line":6,"column":null}},"6":{"start":{"line":1,"column":0},"end":{"line":1,"column":16}}},"fnMap":{"0":{"name":"debound","decl":{"start":{"line":1,"column":16},"end":{"line":1,"column":23}},"loc":{"start":{"line":1,"column":77},"end":{"line":9,"column":1}}},"1":{"name":"(anonymous_1)","decl":{"start":{"line":3,"column":11},"end":{"line":3,"column":null}},"loc":{"start":{"line":3,"column":11},"end":{"line":8,"column":5}}},"2":{"name":"(anonymous_2)","decl":{"start":{"line":5,"column":29},"end":{"line":5,"column":32}},"loc":{"start":{"line":5,"column":34},"end":{"line":7,"column":9}}}},"branchMap":{"0":{"loc":{"start":{"line":4,"column":8},"end":{"line":4,"column":null}},"type":"if","locations":[{"start":{"line":4,"column":8},"end":{"line":4,"column":null}}]}},"s":{"0":0,"1":0,"2":0,"3":0,"4":0,"5":0,"6":1},"f":{"0":0,"1":0,"2":0},"b":{"0":[0]}}
,"E:\\gc-utils\\src\\utils\\dom.ts": {"path":"E:\\gc-utils\\src\\utils\\dom.ts","statementMap":{"0":{"start":{"line":1,"column":13},"end":{"line":3,"column":3}},"1":{"start":{"line":2,"column":4},"end":{"line":2,"column":null}},"2":{"start":{"line":5,"column":4},"end":{"line":5,"column":null}},"3":{"start":{"line":5,"column":21},"end":{"line":5,"column":null}},"4":{"start":{"line":6,"column":4},"end":{"line":6,"column":null}},"5":{"start":{"line":6,"column":33},"end":{"line":6,"column":null}},"6":{"start":{"line":7,"column":4},"end":{"line":11,"column":null}},"7":{"start":{"line":8,"column":6},"end":{"line":8,"column":null}},"8":{"start":{"line":10,"column":6},"end":{"line":10,"column":null}},"9":{"start":{"line":4,"column":2},"end":{"line":4,"column":18}},"10":{"start":{"line":14,"column":4},"end":{"line":14,"column":27}},"11":{"start":{"line":14,"column":21},"end":{"line":14,"column":27}},"12":{"start":{"line":15,"column":18},"end":{"line":15,"column":32}},"13":{"start":{"line":16,"column":19},"end":{"line":16,"column":43}},"14":{"start":{"line":18,"column":4},"end":{"line":27,"column":null}},"15":{"start":{"line":18,"column":17},"end":{"line":18,"column":18}},"16":{"start":{"line":18,"column":24},"end":{"line":18,"column":38}},"17":{"start":{"line":19,"column":20},"end":{"line":19,"column":30}},"18":{"start":{"line":20,"column":6},"end":{"line":20,"column":28}},"19":{"start":{"line":20,"column":20},"end":{"line":20,"column":28}},"20":{"start":{"line":22,"column":6},"end":{"line":26,"column":null}},"21":{"start":{"line":23,"column":8},"end":{"line":23,"column":null}},"22":{"start":{"line":24,"column":13},"end":{"line":26,"column":null}},"23":{"start":{"line":25,"column":8},"end":{"line":25,"column":null}},"24":{"start":{"line":28,"column":4},"end":{"line":30,"column":null}},"25":{"start":{"line":29,"column":6},"end":{"line":29,"column":null}},"26":{"start":{"line":13,"column":2},"end":{"line":13,"column":18}},"27":{"start":{"line":34,"column":13},"end":{"line":34,"column":40}},"28":{"start":{"line":35,"column":4},"end":{"line":37,"column":null}},"29":{"start":{"line":36,"column":6},"end":{"line":36,"column":null}},"30":{"start":{"line":38,"column":4},"end":{"line":40,"column":null}},"31":{"start":{"line":39,"column":6},"end":{"line":39,"column":null}},"32":{"start":{"line":41,"column":4},"end":{"line":41,"column":null}},"33":{"start":{"line":33,"column":2},"end":{"line":33,"column":18}},"34":{"start":{"line":44,"column":17},"end":{"line":44,"column":33}},"35":{"start":{"line":45,"column":4},"end":{"line":45,"column":null}},"36":{"start":{"line":43,"column":2},"end":{"line":43,"column":18}},"37":{"start":{"line":52,"column":26},"end":{"line":61,"column":3}},"38":{"start":{"line":53,"column":13},"end":{"line":53,"column":40}},"39":{"start":{"line":54,"column":4},"end":{"line":56,"column":null}},"40":{"start":{"line":55,"column":6},"end":{"line":55,"column":null}},"41":{"start":{"line":57,"column":4},"end":{"line":57,"column":null}},"42":{"start":{"line":58,"column":4},"end":{"line":58,"column":null}},"43":{"start":{"line":59,"column":4},"end":{"line":59,"column":null}},"44":{"start":{"line":60,"column":4},"end":{"line":60,"column":16}},"45":{"start":{"line":52,"column":15},"end":{"line":52,"column":26}}},"fnMap":{"0":{"name":"(anonymous_0)","decl":{"start":{"line":1,"column":13},"end":{"line":1,"column":23}},"loc":{"start":{"line":1,"column":29},"end":{"line":3,"column":3}}},"1":{"name":"hasClass","decl":{"start":{"line":4,"column":18},"end":{"line":4,"column":26}},"loc":{"start":{"line":4,"column":51},"end":{"line":12,"column":3}}},"2":{"name":"removeClass","decl":{"start":{"line":13,"column":18},"end":{"line":13,"column":29}},"loc":{"start":{"line":13,"column":37},"end":{"line":31,"column":3}}},"3":{"name":"createElement","decl":{"start":{"line":33,"column":18},"end":{"line":33,"column":31}},"loc":{"start":{"line":33,"column":105},"end":{"line":42,"column":3}}},"4":{"name":"removeElement","decl":{"start":{"line":43,"column":18},"end":{"line":43,"column":31}},"loc":{"start":{"line":43,"column":43},"end":{"line":46,"column":3}}},"5":{"name":"(anonymous_5)","decl":{"start":{"line":52,"column":26},"end":{"line":52,"column":27}},"loc":{"start":{"line":52,"column":57},"end":{"line":61,"column":3}}}},"branchMap":{"0":{"loc":{"start":{"line":2,"column":12},"end":{"line":2,"column":24}},"type":"binary-expr","locations":[{"start":{"line":2,"column":12},"end":{"line":2,"column":18}},{"start":{"line":2,"column":22},"end":{"line":2,"column":24}}]},"1":{"loc":{"start":{"line":5,"column":4},"end":{"line":5,"column":null}},"type":"if","locations":[{"start":{"line":5,"column":4},"end":{"line":5,"column":null}}]},"2":{"loc":{"start":{"line":5,"column":8},"end":{"line":5,"column":19}},"type":"binary-expr","locations":[{"start":{"line":5,"column":8},"end":{"line":5,"column":11}},{"start":{"line":5,"column":15},"end":{"line":5,"column":19}}]},"3":{"loc":{"start":{"line":6,"column":4},"end":{"line":6,"column":null}},"type":"if","locations":[{"start":{"line":6,"column":4},"end":{"line":6,"column":null}}]},"4":{"loc":{"start":{"line":7,"column":4},"end":{"line":11,"column":null}},"type":"if","locations":[{"start":{"line":7,"column":4},"end":{"line":11,"column":null}},{"start":{"line":9,"column":11},"end":{"line":11,"column":null}}]},"5":{"loc":{"start":{"line":14,"column":4},"end":{"line":14,"column":27}},"type":"if","locations":[{"start":{"line":14,"column":4},"end":{"line":14,"column":27}}]},"6":{"loc":{"start":{"line":14,"column":8},"end":{"line":14,"column":19}},"type":"binary-expr","locations":[{"start":{"line":14,"column":8},"end":{"line":14,"column":11}},{"start":{"line":14,"column":15},"end":{"line":14,"column":19}}]},"7":{"loc":{"start":{"line":20,"column":6},"end":{"line":20,"column":28}},"type":"if","locations":[{"start":{"line":20,"column":6},"end":{"line":20,"column":28}}]},"8":{"loc":{"start":{"line":22,"column":6},"end":{"line":26,"column":null}},"type":"if","locations":[{"start":{"line":22,"column":6},"end":{"line":26,"column":null}},{"start":{"line":24,"column":13},"end":{"line":26,"column":null}}]},"9":{"loc":{"start":{"line":24,"column":13},"end":{"line":26,"column":null}},"type":"if","locations":[{"start":{"line":24,"column":13},"end":{"line":26,"column":null}}]},"10":{"loc":{"start":{"line":28,"column":4},"end":{"line":30,"column":null}},"type":"if","locations":[{"start":{"line":28,"column":4},"end":{"line":30,"column":null}}]},"11":{"loc":{"start":{"line":35,"column":4},"end":{"line":37,"column":null}},"type":"if","locations":[{"start":{"line":35,"column":4},"end":{"line":37,"column":null}}]},"12":{"loc":{"start":{"line":38,"column":4},"end":{"line":40,"column":null}},"type":"if","locations":[{"start":{"line":38,"column":4},"end":{"line":40,"column":null}}]},"13":{"loc":{"start":{"line":45,"column":4},"end":{"line":45,"column":36}},"type":"binary-expr","locations":[{"start":{"line":45,"column":4},"end":{"line":45,"column":10}},{"start":{"line":45,"column":14},"end":{"line":45,"column":36}}]},"14":{"loc":{"start":{"line":54,"column":4},"end":{"line":56,"column":null}},"type":"if","locations":[{"start":{"line":54,"column":4},"end":{"line":56,"column":null}}]}},"s":{"0":1,"1":0,"2":0,"3":0,"4":0,"5":0,"6":0,"7":0,"8":0,"9":1,"10":0,"11":0,"12":0,"13":0,"14":0,"15":0,"16":0,"17":0,"18":0,"19":0,"20":0,"21":0,"22":0,"23":0,"24":0,"25":0,"26":1,"27":0,"28":0,"29":0,"30":0,"31":0,"32":0,"33":1,"34":0,"35":0,"36":1,"37":1,"38":0,"39":0,"40":0,"41":0,"42":0,"43":0,"44":0,"45":1},"f":{"0":0,"1":0,"2":0,"3":0,"4":0,"5":0},"b":{"0":[0,0],"1":[0],"2":[0,0],"3":[0],"4":[0,0],"5":[0],"6":[0,0],"7":[0],"8":[0,0],"9":[0],"10":[0],"11":[0],"12":[0],"13":[0,0],"14":[0]}}
,"E:\\gc-utils\\src\\utils\\flatArr.ts": {"path":"E:\\gc-utils\\src\\utils\\flatArr.ts","statementMap":{"0":{"start":{"line":2,"column":17},"end":{"line":2,"column":20}},"1":{"start":{"line":3,"column":4},"end":{"line":5,"column":null}},"2":{"start":{"line":3,"column":30},"end":{"line":3,"column":48}},"3":{"start":{"line":4,"column":8},"end":{"line":4,"column":null}},"4":{"start":{"line":6,"column":4},"end":{"line":6,"column":null}},"5":{"start":{"line":1,"column":0},"end":{"line":1,"column":16}}},"fnMap":{"0":{"name":"flatArr","decl":{"start":{"line":1,"column":16},"end":{"line":1,"column":23}},"loc":{"start":{"line":1,"column":52},"end":{"line":7,"column":1}}},"1":{"name":"(anonymous_1)","decl":{"start":{"line":3,"column":23},"end":{"line":3,"column":26}},"loc":{"start":{"line":3,"column":30},"end":{"line":3,"column":48}}}},"branchMap":{},"s":{"0":3,"1":3,"2":21,"3":3,"4":3,"5":1},"f":{"0":3,"1":21},"b":{}}
,"E:\\gc-utils\\src\\utils\\index.ts": {"path":"E:\\gc-utils\\src\\utils\\index.ts","statementMap":{"0":{"start":{"line":1,"column":0},"end":{"line":1,"column":36}},"1":{"start":{"line":2,"column":0},"end":{"line":2,"column":33}},"2":{"start":{"line":3,"column":0},"end":{"line":3,"column":25}},"3":{"start":{"line":4,"column":0},"end":{"line":4,"column":25}},"4":{"start":{"line":5,"column":0},"end":{"line":5,"column":26}},"5":{"start":{"line":6,"column":0},"end":{"line":6,"column":26}},"6":{"start":{"line":7,"column":0},"end":{"line":7,"column":23}},"7":{"start":{"line":8,"column":0},"end":{"line":8,"column":25}},"8":{"start":{"line":9,"column":0},"end":{"line":9,"column":22}},"9":{"start":{"line":10,"column":0},"end":{"line":10,"column":21}},"10":{"start":{"line":11,"column":0},"end":{"line":11,"column":28}},"11":{"start":{"line":14,"column":24},"end":{"line":15,"column":45}},"12":{"start":{"line":15,"column":2},"end":{"line":15,"column":45}},"13":{"start":{"line":14,"column":13},"end":{"line":14,"column":24}},"14":{"start":{"line":16,"column":26},"end":{"line":16,"column":92}},"15":{"start":{"line":16,"column":65},"end":{"line":16,"column":92}},"16":{"start":{"line":16,"column":13},"end":{"line":16,"column":26}},"17":{"start":{"line":18,"column":24},"end":{"line":18,"column":86}},"18":{"start":{"line":18,"column":61},"end":{"line":18,"column":86}},"19":{"start":{"line":18,"column":13},"end":{"line":18,"column":24}},"20":{"start":{"line":19,"column":25},"end":{"line":19,"column":89}},"21":{"start":{"line":19,"column":63},"end":{"line":19,"column":89}},"22":{"start":{"line":19,"column":13},"end":{"line":19,"column":25}},"23":{"start":{"line":20,"column":24},"end":{"line":20,"column":86}},"24":{"start":{"line":20,"column":61},"end":{"line":20,"column":86}},"25":{"start":{"line":20,"column":13},"end":{"line":20,"column":24}},"26":{"start":{"line":21,"column":23},"end":{"line":21,"column":91}},"27":{"start":{"line":21,"column":63},"end":{"line":21,"column":91}},"28":{"start":{"line":21,"column":13},"end":{"line":21,"column":23}},"29":{"start":{"line":23,"column":13},"end":{"line":23,"column":95}}},"fnMap":{"0":{"name":"(anonymous_4)","decl":{"start":{"line":14,"column":24},"end":{"line":14,"column":25}},"loc":{"start":{"line":15,"column":2},"end":{"line":15,"column":45}}},"1":{"name":"(anonymous_5)","decl":{"start":{"line":16,"column":26},"end":{"line":16,"column":27}},"loc":{"start":{"line":16,"column":65},"end":{"line":16,"column":92}}},"2":{"name":"(anonymous_6)","decl":{"start":{"line":18,"column":24},"end":{"line":18,"column":25}},"loc":{"start":{"line":18,"column":61},"end":{"line":18,"column":86}}},"3":{"name":"(anonymous_7)","decl":{"start":{"line":19,"column":25},"end":{"line":19,"column":26}},"loc":{"start":{"line":19,"column":63},"end":{"line":19,"column":89}}},"4":{"name":"(anonymous_8)","decl":{"start":{"line":20,"column":24},"end":{"line":20,"column":25}},"loc":{"start":{"line":20,"column":61},"end":{"line":20,"column":86}}},"5":{"name":"(anonymous_9)","decl":{"start":{"line":21,"column":23},"end":{"line":21,"column":24}},"loc":{"start":{"line":21,"column":63},"end":{"line":21,"column":91}}}},"branchMap":{"0":{"loc":{"start":{"line":15,"column":2},"end":{"line":15,"column":45}},"type":"binary-expr","locations":[{"start":{"line":15,"column":2},"end":{"line":15,"column":16}},{"start":{"line":15,"column":20},"end":{"line":15,"column":45}}]},"1":{"loc":{"start":{"line":23,"column":21},"end":{"line":23,"column":94}},"type":"binary-expr","locations":[{"start":{"line":23,"column":21},"end":{"line":23,"column":59}},{"start":{"line":23,"column":63},"end":{"line":23,"column":94}}]}},"s":{"0":1,"1":1,"2":1,"3":1,"4":1,"5":1,"6":1,"7":1,"8":1,"9":1,"10":1,"11":1,"12":0,"13":1,"14":1,"15":0,"16":1,"17":1,"18":0,"19":1,"20":1,"21":0,"22":1,"23":1,"24":0,"25":1,"26":1,"27":0,"28":1,"29":1},"f":{"0":0,"1":0,"2":0,"3":0,"4":0,"5":0},"b":{"0":[0,0],"1":[1,1]}}
,"E:\\gc-utils\\src\\utils\\isMobile.ts": {"path":"E:\\gc-utils\\src\\utils\\isMobile.ts","statementMap":{"0":{"start":{"line":2,"column":4},"end":{"line":4,"column":null}},"1":{"start":{"line":1,"column":0},"end":{"line":1,"column":16}}},"fnMap":{"0":{"name":"isMobile","decl":{"start":{"line":1,"column":16},"end":{"line":1,"column":24}},"loc":{"start":{"line":1,"column":24},"end":{"line":5,"column":3}}}},"branchMap":{},"s":{"0":0,"1":1},"f":{"0":0},"b":{}}
,"E:\\gc-utils\\src\\utils\\parse.ts": {"path":"E:\\gc-utils\\src\\utils\\parse.ts","statementMap":{"0":{"start":{"line":1,"column":31},"end":{"line":6,"column":3}},"1":{"start":{"line":2,"column":4},"end":{"line":4,"column":null}},"2":{"start":{"line":3,"column":6},"end":{"line":3,"column":null}},"3":{"start":{"line":5,"column":4},"end":{"line":5,"column":null}},"4":{"start":{"line":1,"column":13},"end":{"line":1,"column":31}}},"fnMap":{"0":{"name":"(anonymous_0)","decl":{"start":{"line":1,"column":31},"end":{"line":1,"column":41}},"loc":{"start":{"line":1,"column":54},"end":{"line":6,"column":3}}}},"branchMap":{"0":{"loc":{"start":{"line":2,"column":4},"end":{"line":4,"column":null}},"type":"if","locations":[{"start":{"line":2,"column":4},"end":{"line":4,"column":null}}]}},"s":{"0":1,"1":0,"2":0,"3":0,"4":1},"f":{"0":0},"b":{"0":[0]}}
,"E:\\gc-utils\\src\\utils\\storage.ts": {"path":"E:\\gc-utils\\src\\utils\\storage.ts","statementMap":{"0":{"start":{"line":2,"column":0},"end":{"line":2,"column":31}},"1":{"start":{"line":3,"column":0},"end":{"line":3,"column":41}},"2":{"start":{"line":4,"column":14},"end":{"line":4,"column":21}},"3":{"start":{"line":6,"column":29},"end":{"line":7,"column":80}},"4":{"start":{"line":7,"column":4},"end":{"line":7,"column":80}},"5":{"start":{"line":6,"column":13},"end":{"line":6,"column":29}},"6":{"start":{"line":8,"column":29},"end":{"line":8,"column":53}},"7":{"start":{"line":8,"column":35},"end":{"line":8,"column":53}},"8":{"start":{"line":8,"column":13},"end":{"line":8,"column":29}},"9":{"start":{"line":10,"column":28},"end":{"line":15,"column":3}},"10":{"start":{"line":11,"column":14},"end":{"line":11,"column":39}},"11":{"start":{"line":12,"column":4},"end":{"line":12,"column":null}},"12":{"start":{"line":12,"column":14},"end":{"line":12,"column":null}},"13":{"start":{"line":14,"column":4},"end":{"line":14,"column":null}},"14":{"start":{"line":10,"column":13},"end":{"line":10,"column":28}},"15":{"start":{"line":17,"column":28},"end":{"line":20,"column":3}},"16":{"start":{"line":18,"column":14},"end":{"line":18,"column":64}},"17":{"start":{"line":19,"column":4},"end":{"line":19,"column":null}},"18":{"start":{"line":17,"column":13},"end":{"line":17,"column":28}},"19":{"start":{"line":22,"column":32},"end":{"line":24,"column":3}},"20":{"start":{"line":23,"column":4},"end":{"line":23,"column":null}},"21":{"start":{"line":22,"column":15},"end":{"line":22,"column":32}}},"fnMap":{"0":{"name":"(anonymous_1)","decl":{"start":{"line":6,"column":29},"end":{"line":6,"column":30}},"loc":{"start":{"line":7,"column":4},"end":{"line":7,"column":80}}},"1":{"name":"(anonymous_2)","decl":{"start":{"line":8,"column":29},"end":{"line":8,"column":32}},"loc":{"start":{"line":8,"column":35},"end":{"line":8,"column":53}}},"2":{"name":"(anonymous_3)","decl":{"start":{"line":10,"column":28},"end":{"line":10,"column":29}},"loc":{"start":{"line":10,"column":50},"end":{"line":15,"column":3}}},"3":{"name":"(anonymous_4)","decl":{"start":{"line":17,"column":28},"end":{"line":17,"column":29}},"loc":{"start":{"line":17,"column":68},"end":{"line":20,"column":3}}},"4":{"name":"(anonymous_5)","decl":{"start":{"line":22,"column":32},"end":{"line":22,"column":35}},"loc":{"start":{"line":22,"column":37},"end":{"line":24,"column":3}}}},"branchMap":{"0":{"loc":{"start":{"line":7,"column":4},"end":{"line":7,"column":80}},"type":"cond-expr","locations":[{"start":{"line":7,"column":12},"end":{"line":7,"column":56}},{"start":{"line":7,"column":59},"end":{"line":7,"column":80}}]},"1":{"loc":{"start":{"line":10,"column":34},"end":{"line":10,"column":46}},"type":"default-arg","locations":[{"start":{"line":10,"column":42},"end":{"line":10,"column":46}}]},"2":{"loc":{"start":{"line":12,"column":4},"end":{"line":12,"column":null}},"type":"if","locations":[{"start":{"line":12,"column":4},"end":{"line":12,"column":null}}]},"3":{"loc":{"start":{"line":14,"column":11},"end":{"line":14,"column":45}},"type":"cond-expr","locations":[{"start":{"line":14,"column":19},"end":{"line":14,"column":39}},{"start":{"line":14,"column":42},"end":{"line":14,"column":45}}]},"4":{"loc":{"start":{"line":18,"column":14},"end":{"line":18,"column":64}},"type":"cond-expr","locations":[{"start":{"line":18,"column":39},"end":{"line":18,"column":42}},{"start":{"line":18,"column":45},"end":{"line":18,"column":64}}]}},"s":{"0":1,"1":1,"2":1,"3":1,"4":0,"5":1,"6":1,"7":0,"8":1,"9":1,"10":0,"11":0,"12":0,"13":0,"14":1,"15":1,"16":0,"17":0,"18":1,"19":1,"20":0,"21":1},"f":{"0":0,"1":0,"2":0,"3":0,"4":0},"b":{"0":[0,0],"1":[0],"2":[0],"3":[0,0],"4":[0,0]}}
,"E:\\gc-utils\\src\\utils\\throttle.ts": {"path":"E:\\gc-utils\\src\\utils\\throttle.ts","statementMap":{"0":{"start":{"line":2,"column":18},"end":{"line":2,"column":40}},"1":{"start":{"line":3,"column":4},"end":{"line":10,"column":null}},"2":{"start":{"line":4,"column":8},"end":{"line":9,"column":null}},"3":{"start":{"line":5,"column":12},"end":{"line":8,"column":null}},"4":{"start":{"line":6,"column":16},"end":{"line":6,"column":null}},"5":{"start":{"line":7,"column":16},"end":{"line":7,"column":null}},"6":{"start":{"line":1,"column":0},"end":{"line":1,"column":16}}},"fnMap":{"0":{"name":"throttle","decl":{"start":{"line":1,"column":16},"end":{"line":1,"column":24}},"loc":{"start":{"line":1,"column":78},"end":{"line":11,"column":1}}},"1":{"name":"(anonymous_1)","decl":{"start":{"line":3,"column":11},"end":{"line":3,"column":null}},"loc":{"start":{"line":3,"column":11},"end":{"line":10,"column":5}}},"2":{"name":"(anonymous_2)","decl":{"start":{"line":5,"column":33},"end":{"line":5,"column":36}},"loc":{"start":{"line":5,"column":38},"end":{"line":8,"column":13}}}},"branchMap":{"0":{"loc":{"start":{"line":4,"column":8},"end":{"line":9,"column":null}},"type":"if","locations":[{"start":{"line":4,"column":8},"end":{"line":9,"column":null}}]}},"s":{"0":0,"1":0,"2":0,"3":0,"4":0,"5":0,"6":1},"f":{"0":0,"1":0,"2":0},"b":{"0":[0]}}
,"E:\\gc-utils\\src\\utils\\time.ts": {"path":"E:\\gc-utils\\src\\utils\\time.ts","statementMap":{"0":{"start":{"line":2,"column":4},"end":{"line":2,"column":null}},"1":{"start":{"line":2,"column":30},"end":{"line":2,"column":null}},"2":{"start":{"line":4,"column":4},"end":{"line":4,"column":null}},"3":{"start":{"line":4,"column":33},"end":{"line":4,"column":null}},"4":{"start":{"line":6,"column":4},"end":{"line":6,"column":null}},"5":{"start":{"line":1,"column":0},"end":{"line":1,"column":16}},"6":{"start":{"line":17,"column":20},"end":{"line":17,"column":32}},"7":{"start":{"line":19,"column":20},"end":{"line":19,"column":39}},"8":{"start":{"line":21,"column":18},"end":{"line":21,"column":53}},"9":{"start":{"line":22,"column":17},"end":{"line":22,"column":57}},"10":{"start":{"line":23,"column":4},"end":{"line":23,"column":null}},"11":{"start":{"line":15,"column":1},"end":{"line":15,"column":17}},"12":{"start":{"line":33,"column":20},"end":{"line":33,"column":32}},"13":{"start":{"line":35,"column":20},"end":{"line":35,"column":39}},"14":{"start":{"line":37,"column":22},"end":{"line":37,"column":59}},"15":{"start":{"line":39,"column":14},"end":{"line":39,"column":37}},"16":{"start":{"line":41,"column":19},"end":{"line":41,"column":41}},"17":{"start":{"line":42,"column":13},"end":{"line":42,"column":31}},"18":{"start":{"line":44,"column":4},"end":{"line":44,"column":null}},"19":{"start":{"line":31,"column":2},"end":{"line":31,"column":18}},"20":{"start":{"line":46,"column":31},"end":{"line":59,"column":3}},"21":{"start":{"line":47,"column":12},"end":{"line":47,"column":39}},"22":{"start":{"line":48,"column":4},"end":{"line":48,"column":null}},"23":{"start":{"line":49,"column":12},"end":{"line":49,"column":32}},"24":{"start":{"line":50,"column":4},"end":{"line":50,"column":null}},"25":{"start":{"line":51,"column":12},"end":{"line":51,"column":30}},"26":{"start":{"line":52,"column":4},"end":{"line":52,"column":null}},"27":{"start":{"line":53,"column":4},"end":{"line":58,"column":null}},"28":{"start":{"line":46,"column":15},"end":{"line":46,"column":31}}},"fnMap":{"0":{"name":"toDate","decl":{"start":{"line":1,"column":16},"end":{"line":1,"column":22}},"loc":{"start":{"line":1,"column":43},"end":{"line":7,"column":3}}},"1":{"name":"toLocalZoneTime","decl":{"start":{"line":15,"column":17},"end":{"line":15,"column":32}},"loc":{"start":{"line":15,"column":69},"end":{"line":24,"column":3}}},"2":{"name":"toTargetZoneTime","decl":{"start":{"line":31,"column":18},"end":{"line":31,"column":34}},"loc":{"start":{"line":31,"column":71},"end":{"line":45,"column":3}}},"3":{"name":"(anonymous_3)","decl":{"start":{"line":46,"column":31},"end":{"line":46,"column":32}},"loc":{"start":{"line":46,"column":45},"end":{"line":59,"column":3}}}},"branchMap":{"0":{"loc":{"start":{"line":2,"column":4},"end":{"line":2,"column":null}},"type":"if","locations":[{"start":{"line":2,"column":4},"end":{"line":2,"column":null}}]},"1":{"loc":{"start":{"line":4,"column":4},"end":{"line":4,"column":null}},"type":"if","locations":[{"start":{"line":4,"column":4},"end":{"line":4,"column":null}}]},"2":{"loc":{"start":{"line":48,"column":4},"end":{"line":48,"column":29}},"type":"binary-expr","locations":[{"start":{"line":48,"column":4},"end":{"line":48,"column":5}},{"start":{"line":48,"column":10},"end":{"line":48,"column":28}}]},"3":{"loc":{"start":{"line":50,"column":4},"end":{"line":50,"column":24}},"type":"binary-expr","locations":[{"start":{"line":50,"column":4},"end":{"line":50,"column":5}},{"start":{"line":50,"column":10},"end":{"line":50,"column":23}}]},"4":{"loc":{"start":{"line":52,"column":4},"end":{"line":52,"column":22}},"type":"binary-expr","locations":[{"start":{"line":52,"column":4},"end":{"line":52,"column":5}},{"start":{"line":52,"column":10},"end":{"line":52,"column":21}}]}},"s":{"0":0,"1":0,"2":0,"3":0,"4":0,"5":1,"6":0,"7":0,"8":0,"9":0,"10":0,"11":1,"12":0,"13":0,"14":0,"15":0,"16":0,"17":0,"18":0,"19":1,"20":1,"21":0,"22":0,"23":0,"24":0,"25":0,"26":0,"27":0,"28":1},"f":{"0":0,"1":0,"2":0,"3":0},"b":{"0":[0],"1":[0],"2":[0,0],"3":[0,0],"4":[0,0]}}
}
