TN:
SF:src\utils\calculOffsetHeight.ts
FN:1,calculOffsetHeight
FNF:1
FNH:0
FNDA:0,calculOffsetHeight
DA:1,1
DA:2,0
DA:3,0
DA:4,0
DA:5,0
DA:6,0
DA:8,0
LF:7
LH:1
BRF:0
BRH:0
end_of_record
TN:
SF:src\utils\classnames.ts
FN:8,(anonymous_0)
FN:10,(anonymous_1)
FNF:2
FNH:2
FNDA:3,(anonymous_0)
FNDA:6,(anonymous_1)
DA:8,2
DA:9,3
DA:10,3
DA:11,6
DA:12,4
DA:13,2
DA:14,0
DA:16,2
DA:17,2
DA:18,1
DA:23,3
LF:11
LH:10
BRDA:11,0,0,4
BRDA:11,0,1,2
BRDA:13,1,0,0
BRDA:13,1,1,2
BRDA:17,2,0,1
BRF:5
BRH:4
end_of_record
TN:
SF:src\utils\copyToClipBoard.ts
FN:1,copyToClipBoard
FNF:1
FNH:0
FNDA:0,copyToClipBoard
DA:1,1
DA:2,0
DA:3,0
DA:5,0
DA:6,0
DA:7,0
DA:8,0
DA:9,0
DA:10,0
DA:11,0
DA:12,0
DA:13,0
LF:12
LH:1
BRDA:2,0,0,0
BRDA:2,0,1,0
BRF:2
BRH:0
end_of_record
TN:
SF:src\utils\debound.ts
FN:1,debound
FN:3,(anonymous_1)
FN:5,(anonymous_2)
FNF:3
FNH:0
FNDA:0,debound
FNDA:0,(anonymous_1)
FNDA:0,(anonymous_2)
DA:1,1
DA:2,0
DA:3,0
DA:4,0
DA:5,0
DA:6,0
LF:6
LH:1
BRDA:4,0,0,0
BRF:1
BRH:0
end_of_record
TN:
SF:src\utils\dom.ts
FN:1,(anonymous_0)
FN:4,hasClass
FN:13,removeClass
FN:33,createElement
FN:43,removeElement
FN:52,(anonymous_5)
FNF:6
FNH:0
FNDA:0,(anonymous_0)
FNDA:0,hasClass
FNDA:0,removeClass
FNDA:0,createElement
FNDA:0,removeElement
FNDA:0,(anonymous_5)
DA:1,1
DA:2,0
DA:4,1
DA:5,0
DA:6,0
DA:7,0
DA:8,0
DA:10,0
DA:13,1
DA:14,0
DA:15,0
DA:16,0
DA:18,0
DA:19,0
DA:20,0
DA:22,0
DA:23,0
DA:24,0
DA:25,0
DA:28,0
DA:29,0
DA:33,1
DA:34,0
DA:35,0
DA:36,0
DA:38,0
DA:39,0
DA:41,0
DA:43,1
DA:44,0
DA:45,0
DA:52,1
DA:53,0
DA:54,0
DA:55,0
DA:57,0
DA:58,0
DA:59,0
DA:60,0
LF:39
LH:6
BRDA:2,0,0,0
BRDA:2,0,1,0
BRDA:5,1,0,0
BRDA:5,2,0,0
BRDA:5,2,1,0
BRDA:6,3,0,0
BRDA:7,4,0,0
BRDA:7,4,1,0
BRDA:14,5,0,0
BRDA:14,6,0,0
BRDA:14,6,1,0
BRDA:20,7,0,0
BRDA:22,8,0,0
BRDA:22,8,1,0
BRDA:24,9,0,0
BRDA:28,10,0,0
BRDA:35,11,0,0
BRDA:38,12,0,0
BRDA:45,13,0,0
BRDA:45,13,1,0
BRDA:54,14,0,0
BRF:21
BRH:0
end_of_record
TN:
SF:src\utils\flatArr.ts
FN:1,flatArr
FN:3,(anonymous_1)
FNF:2
FNH:2
FNDA:3,flatArr
FNDA:21,(anonymous_1)
DA:1,1
DA:2,3
DA:3,21
DA:4,3
DA:6,3
LF:5
LH:5
BRF:0
BRH:0
end_of_record
TN:
SF:src\utils\index.ts
FN:14,(anonymous_4)
FN:16,(anonymous_5)
FN:18,(anonymous_6)
FN:19,(anonymous_7)
FN:20,(anonymous_8)
FN:21,(anonymous_9)
FNF:6
FNH:0
FNDA:0,(anonymous_4)
FNDA:0,(anonymous_5)
FNDA:0,(anonymous_6)
FNDA:0,(anonymous_7)
FNDA:0,(anonymous_8)
FNDA:0,(anonymous_9)
DA:1,1
DA:2,1
DA:3,1
DA:4,1
DA:5,1
DA:6,1
DA:7,1
DA:8,1
DA:9,1
DA:10,1
DA:11,1
DA:14,1
DA:15,0
DA:16,1
DA:18,1
DA:19,1
DA:20,1
DA:21,1
DA:23,1
LF:19
LH:18
BRDA:15,0,0,0
BRDA:15,0,1,0
BRDA:23,1,0,1
BRDA:23,1,1,1
BRF:4
BRH:2
end_of_record
TN:
SF:src\utils\isMobile.ts
FN:1,isMobile
FNF:1
FNH:0
FNDA:0,isMobile
DA:1,1
DA:2,0
LF:2
LH:1
BRF:0
BRH:0
end_of_record
TN:
SF:src\utils\parse.ts
FN:1,(anonymous_0)
FNF:1
FNH:0
FNDA:0,(anonymous_0)
DA:1,1
DA:2,0
DA:3,0
DA:5,0
LF:4
LH:1
BRDA:2,0,0,0
BRF:1
BRH:0
end_of_record
TN:
SF:src\utils\storage.ts
FN:6,(anonymous_1)
FN:8,(anonymous_2)
FN:10,(anonymous_3)
FN:17,(anonymous_4)
FN:22,(anonymous_5)
FNF:5
FNH:0
FNDA:0,(anonymous_1)
FNDA:0,(anonymous_2)
FNDA:0,(anonymous_3)
FNDA:0,(anonymous_4)
FNDA:0,(anonymous_5)
DA:2,1
DA:3,1
DA:4,1
DA:6,1
DA:7,0
DA:8,1
DA:10,1
DA:11,0
DA:12,0
DA:14,0
DA:17,1
DA:18,0
DA:19,0
DA:22,1
DA:23,0
LF:15
LH:8
BRDA:7,0,0,0
BRDA:7,0,1,0
BRDA:10,1,0,0
BRDA:12,2,0,0
BRDA:14,3,0,0
BRDA:14,3,1,0
BRDA:18,4,0,0
BRDA:18,4,1,0
BRF:8
BRH:0
end_of_record
TN:
SF:src\utils\throttle.ts
FN:1,throttle
FN:3,(anonymous_1)
FN:5,(anonymous_2)
FNF:3
FNH:0
FNDA:0,throttle
FNDA:0,(anonymous_1)
FNDA:0,(anonymous_2)
DA:1,1
DA:2,0
DA:3,0
DA:4,0
DA:5,0
DA:6,0
DA:7,0
LF:7
LH:1
BRDA:4,0,0,0
BRF:1
BRH:0
end_of_record
TN:
SF:src\utils\time.ts
FN:1,toDate
FN:15,toLocalZoneTime
FN:31,toTargetZoneTime
FN:46,(anonymous_3)
FNF:4
FNH:0
FNDA:0,toDate
FNDA:0,toLocalZoneTime
FNDA:0,toTargetZoneTime
FNDA:0,(anonymous_3)
DA:1,1
DA:2,0
DA:4,0
DA:6,0
DA:15,1
DA:17,0
DA:19,0
DA:21,0
DA:22,0
DA:23,0
DA:31,1
DA:33,0
DA:35,0
DA:37,0
DA:39,0
DA:41,0
DA:42,0
DA:44,0
DA:46,1
DA:47,0
DA:48,0
DA:49,0
DA:50,0
DA:51,0
DA:52,0
DA:53,0
LF:26
LH:4
BRDA:2,0,0,0
BRDA:4,1,0,0
BRDA:48,2,0,0
BRDA:48,2,1,0
BRDA:50,3,0,0
BRDA:50,3,1,0
BRDA:52,4,0,0
BRDA:52,4,1,0
BRF:8
BRH:0
end_of_record
